/home/jay/Downloads/jsoncpp-master/include/json/value.h:85: warning: Found ';' while parsing initializer list! (doxygen could be confused by a macro call without semicolon)
/home/jay/Downloads/jsoncpp-master/include/json/value.h:87: warning: Found ';' while parsing initializer list! (doxygen could be confused by a macro call without semicolon)
/home/jay/Downloads/jsoncpp-master/src/lib_json/json_value.cpp:245: warning: documented symbol `Json::Value::CZString::CZString' was not declared or defined.
/home/jay/Downloads/jsoncpp-master/src/lib_json/json_value.cpp:247: warning: documented symbol `Json::Value::CZString::CZString' was not declared or defined.
/home/jay/Downloads/jsoncpp-master/src/lib_json/json_value.cpp:254: warning: documented symbol `Json::Value::CZString::CZString' was not declared or defined.
/home/jay/Downloads/jsoncpp-master/src/lib_json/json_value.cpp:272: warning: documented symbol `Json::Value::CZString::~CZString' was not declared or defined.
/home/jay/Downloads/jsoncpp-master/src/lib_json/json_value.cpp:278: warning: no matching class member found for 
  void Json::Value::CZString::swap(CZString &other)

/home/jay/Downloads/jsoncpp-master/src/lib_json/json_value.cpp:283: warning: no uniquely matching class member found for 
  Value::CZString & Json::Value::CZString::operator=(CZString other)

/home/jay/Downloads/jsoncpp-master/src/lib_json/json_value.cpp:288: warning: no matching class member found for 
  bool Json::Value::CZString::operator<(const CZString &other) const

/home/jay/Downloads/jsoncpp-master/src/lib_json/json_value.cpp:302: warning: no uniquely matching class member found for 
  bool Json::Value::CZString::operator==(const CZString &other) const

/home/jay/Downloads/jsoncpp-master/src/lib_json/json_value.cpp:314: warning: no matching class member found for 
  ArrayIndex Json::Value::CZString::index() const

/home/jay/Downloads/jsoncpp-master/src/lib_json/json_value.cpp:317: warning: documented symbol `const char * Json::Value::CZString::data' was not declared or defined.
/home/jay/Downloads/jsoncpp-master/src/lib_json/json_value.cpp:318: warning: documented symbol `unsigned Json::Value::CZString::length' was not declared or defined.
/home/jay/Downloads/jsoncpp-master/src/lib_json/json_value.cpp:319: warning: documented symbol `bool Json::Value::CZString::isStaticString' was not declared or defined.
/home/jay/Downloads/jsoncpp-master/include/json/value.h:170: warning: explicit link request to 'CharReader' could not be resolved
/home/jay/Downloads/jsoncpp-master/include/json/value.h:479: warning: The following parameters of Json::Value::get(const std::string &key, const Value &defaultValue) const are not documented:
  parameter 'defaultValue'
/home/jay/Downloads/jsoncpp-master/include/json/value.h:512: warning: The following parameters of Json::Value::removeMember(std::string const &key, Value *removed) are not documented:
  parameter 'removed'
